Jumia/build/outputs/apk/manifest-merger-android-daraz-debug-report.txt
-- Merging decision tree log ---
manifest
ADDED from AndroidManifest.xml:2:1
	xmlns:android
		ADDED from AndroidManifest.xml:2:11
	package
		ADDED from AndroidManifest.xml:3:5
		INJECTED from AndroidManifest.xml:0:0
		INJECTED from AndroidManifest.xml:0:0
	android:versionName
		ADDED from AndroidManifest.xml:6:5
		INJECTED from AndroidManifest.xml:0:0
		INJECTED from AndroidManifest.xml:0:0
	android:versionCode
		ADDED from AndroidManifest.xml:5:5
		INJECTED from AndroidManifest.xml:0:0
		INJECTED from AndroidManifest.xml:0:0
	android:installLocation
		ADDED from AndroidManifest.xml:4:5
uses-permission#android.permission.INTERNET
ADDED from AndroidManifest.xml:12:5
MERGED from JumiaApp.libraries:A4SSDK:unspecified:11:5
	android:name
		ADDED from AndroidManifest.xml:12:22
uses-permission#android.permission.ACCESS_WIFI_STATE
ADDED from AndroidManifest.xml:13:5
	android:name
		ADDED from AndroidManifest.xml:13:22
uses-permission#android.permission.ACCESS_NETWORK_STATE
ADDED from AndroidManifest.xml:14:5
MERGED from JumiaApp.libraries:A4SSDK:unspecified:12:5
	android:name
		ADDED from AndroidManifest.xml:14:22
uses-permission#android.permission.WRITE_EXTERNAL_STORAGE
ADDED from AndroidManifest.xml:15:5
	android:name
		ADDED from AndroidManifest.xml:15:22
uses-permission#android.permission.READ_PHONE_STATE
ADDED from AndroidManifest.xml:16:5
	android:name
		ADDED from AndroidManifest.xml:16:22
uses-permission#android.permission.WAKE_LOCK
ADDED from AndroidManifest.xml:17:5
	android:name
		ADDED from AndroidManifest.xml:17:22
uses-permission#android.permission.ACCESS_FINE_LOCATION
ADDED from AndroidManifest.xml:20:5
	android:required
		ADDED from AndroidManifest.xml:22:9
	android:name
		ADDED from AndroidManifest.xml:21:9
uses-feature#android.hardware.location
ADDED from AndroidManifest.xml:29:5
	android:required
		ADDED from AndroidManifest.xml:31:9
	android:name
		ADDED from AndroidManifest.xml:30:9
uses-feature#android.hardware.location.network
ADDED from AndroidManifest.xml:32:5
	android:required
		ADDED from AndroidManifest.xml:34:9
	android:name
		ADDED from AndroidManifest.xml:33:9
uses-feature#android.hardware.screen.portrait
ADDED from AndroidManifest.xml:35:5
	android:required
		ADDED from AndroidManifest.xml:37:9
	android:name
		ADDED from AndroidManifest.xml:36:9
uses-feature#android.hardware.touchscreen
ADDED from AndroidManifest.xml:38:5
	android:required
		ADDED from AndroidManifest.xml:40:9
	android:name
		ADDED from AndroidManifest.xml:39:9
uses-feature#android.hardware.wifi
ADDED from AndroidManifest.xml:41:5
	android:required
		ADDED from AndroidManifest.xml:43:9
	android:name
		ADDED from AndroidManifest.xml:42:9
uses-feature#android.hardware.location.gps
ADDED from AndroidManifest.xml:44:5
	android:required
		ADDED from AndroidManifest.xml:46:9
	android:name
		ADDED from AndroidManifest.xml:45:9
permission#com.jumia.android.permission.C2D_MESSAGE
ADDED from AndroidManifest.xml:49:5
	android:protectionLevel
		ADDED from AndroidManifest.xml:51:9
	android:name
		ADDED from AndroidManifest.xml:50:9
uses-permission#com.jumia.android.permission.C2D_MESSAGE
ADDED from AndroidManifest.xml:53:5
	android:name
		ADDED from AndroidManifest.xml:53:22
uses-permission#com.google.android.c2dm.permission.RECEIVE
ADDED from AndroidManifest.xml:54:5
	android:name
		ADDED from AndroidManifest.xml:54:22
uses-sdk
ADDED from AndroidManifest.xml:60:5
MERGED from JumiaApp.libraries:com.mobile.framework:unspecified:8:5
MERGED from com.android.support:appcompat-v7:21.0.3:15:5
MERGED from com.android.support:support-v4:21.0.3:15:5
MERGED from com.android.support:recyclerview-v7:21.0.0:15:5
MERGED from com.android.support:support-v4:21.0.3:15:5
MERGED from com.google.android.gms:play-services-base:6.5.87:18:5
MERGED from com.android.support:support-v4:21.0.3:15:5
MERGED from JumiaApp.libraries:FacebookSDK:unspecified:21:5
MERGED from JumiaApp.libraries:com.viewpagerindicator:unspecified:7:5
MERGED from com.android.support:support-v4:21.0.3:15:5
MERGED from JumiaApp.libraries:Volley:unspecified:7:5
MERGED from JumiaApp.libraries:A4SSDK:unspecified:7:5
MERGED from JumiaApp.libraries:Adjust:unspecified:6:5
	android:targetSdkVersion
		ADDED from AndroidManifest.xml:62:9
	android:minSdkVersion
		ADDED from AndroidManifest.xml:61:9
		INJECTED from AndroidManifest.xml:0:0
		INJECTED from AndroidManifest.xml:0:0
	tools:overrideLibrary
		ADDED from JumiaApp.libraries:com.mobile.framework:unspecified:11:9
application
ADDED from AndroidManifest.xml:64:5
MERGED from com.android.support:appcompat-v7:21.0.3:16:5
MERGED from com.android.support:support-v4:21.0.3:16:5
MERGED from com.android.support:recyclerview-v7:21.0.0:17:5
MERGED from com.android.support:support-v4:21.0.3:16:5
MERGED from com.google.android.gms:play-services-base:6.5.87:20:5
MERGED from com.android.support:support-v4:21.0.3:16:5
MERGED from JumiaApp.libraries:FacebookSDK:unspecified:25:5
MERGED from com.android.support:support-v4:21.0.3:16:5
MERGED from JumiaApp.libraries:Volley:unspecified:11:5
MERGED from JumiaApp.libraries:A4SSDK:unspecified:14:5
MERGED from JumiaApp.libraries:Adjust:unspecified:10:5
	android:label
		ADDED from AndroidManifest.xml:68:9
	android:allowBackup
		ADDED from AndroidManifest.xml:66:9
	android:icon
		ADDED from AndroidManifest.xml:67:9
	android:theme
		ADDED from AndroidManifest.xml:69:9
	android:name
		ADDED from AndroidManifest.xml:65:9
activity#com.mobile.view.SplashScreenActivity
ADDED from AndroidManifest.xml:70:9
	android:screenOrientation
		ADDED from AndroidManifest.xml:73:13
	android:noHistory
		ADDED from AndroidManifest.xml:72:13
	android:name
		ADDED from AndroidManifest.xml:71:13
intent-filter#android.intent.action.MAIN+android.intent.category.LAUNCHER
ADDED from AndroidManifest.xml:74:13
action#android.intent.action.MAIN
ADDED from AndroidManifest.xml:75:17
	android:name
		ADDED from AndroidManifest.xml:75:25
category#android.intent.category.LAUNCHER
ADDED from AndroidManifest.xml:77:17
	android:name
		ADDED from AndroidManifest.xml:77:27
intent-filter#android.intent.action.VIEW+android.intent.category.BROWSABLE+android.intent.category.DEFAULT
ADDED from AndroidManifest.xml:80:13
	android:label
		ADDED from AndroidManifest.xml:80:28
action#android.intent.action.VIEW
ADDED from AndroidManifest.xml:81:17
	android:name
		ADDED from AndroidManifest.xml:81:25
category#android.intent.category.DEFAULT
ADDED from AndroidManifest.xml:83:17
	android:name
		ADDED from AndroidManifest.xml:83:27
category#android.intent.category.BROWSABLE
ADDED from AndroidManifest.xml:84:17
	android:name
		ADDED from AndroidManifest.xml:84:27
data
ADDED from AndroidManifest.xml:86:17
	android:scheme
		ADDED from AndroidManifest.xml:86:23
activity#com.facebook.LoginActivity
ADDED from AndroidManifest.xml:90:9
	android:label
		ADDED from AndroidManifest.xml:92:13
	android:theme
		ADDED from AndroidManifest.xml:93:13
	android:name
		ADDED from AndroidManifest.xml:91:13
activity#com.mobile.view.MainFragmentActivity
ADDED from AndroidManifest.xml:94:9
	android:windowSoftInputMode
		ADDED from AndroidManifest.xml:98:13
	android:screenOrientation
		ADDED from AndroidManifest.xml:97:13
	android:exported
		ADDED from AndroidManifest.xml:96:13
	android:name
		ADDED from AndroidManifest.xml:95:13
activity#com.mobile.view.MainFragmentTabletActivity
ADDED from AndroidManifest.xml:99:9
	android:windowSoftInputMode
		ADDED from AndroidManifest.xml:103:13
	android:screenOrientation
		ADDED from AndroidManifest.xml:102:13
	android:exported
		ADDED from AndroidManifest.xml:101:13
	android:name
		ADDED from AndroidManifest.xml:100:13
activity#net.hockeyapp.android.UpdateActivity
ADDED from AndroidManifest.xml:104:9
	android:name
		ADDED from AndroidManifest.xml:104:19
service#com.mobile.framework.service.RemoteService
ADDED from AndroidManifest.xml:106:9
	android:exported
		ADDED from AndroidManifest.xml:108:13
	android:name
		ADDED from AndroidManifest.xml:107:13
meta-data#com.facebook.sdk.ApplicationId
ADDED from AndroidManifest.xml:114:9
	android:name
		ADDED from AndroidManifest.xml:115:13
	android:value
		ADDED from AndroidManifest.xml:116:13
service#com.ad4screen.sdk.A4SService
ADDED from AndroidManifest.xml:124:9
	android:label
		ADDED from AndroidManifest.xml:126:13
	android:process
		ADDED from AndroidManifest.xml:127:13
	android:name
		ADDED from AndroidManifest.xml:125:13
meta-data#com.ad4screen.partnerid
ADDED from AndroidManifest.xml:128:13
	android:name
		ADDED from AndroidManifest.xml:129:17
	android:value
		ADDED from AndroidManifest.xml:130:17
meta-data#com.ad4screen.privatekey
ADDED from AndroidManifest.xml:131:13
	android:name
		ADDED from AndroidManifest.xml:132:17
	android:value
		ADDED from AndroidManifest.xml:133:17
meta-data#com.ad4screen.senderid
ADDED from AndroidManifest.xml:134:13
	android:name
		ADDED from AndroidManifest.xml:135:17
	android:value
		ADDED from AndroidManifest.xml:136:17
meta-data#com.ad4screen.logging
ADDED from AndroidManifest.xml:137:13
	android:name
		ADDED from AndroidManifest.xml:138:17
	android:value
		ADDED from AndroidManifest.xml:139:17
receiver#com.ad4screen.sdk.GCMHandler
ADDED from AndroidManifest.xml:147:9
	android:permission
		ADDED from AndroidManifest.xml:149:13
	android:name
		ADDED from AndroidManifest.xml:148:13
intent-filter#com.google.android.c2dm.intent.RECEIVE+com.google.android.c2dm.intent.REGISTRATION+com.jumia.android
ADDED from AndroidManifest.xml:150:13
action#com.google.android.c2dm.intent.RECEIVE
ADDED from AndroidManifest.xml:151:17
	android:name
		ADDED from AndroidManifest.xml:151:25
action#com.google.android.c2dm.intent.REGISTRATION
ADDED from AndroidManifest.xml:152:17
	android:name
		ADDED from AndroidManifest.xml:152:25
category#com.jumia.android
ADDED from AndroidManifest.xml:154:17
	android:name
		ADDED from AndroidManifest.xml:154:27
meta-data#AdjustAppToken
ADDED from AndroidManifest.xml:162:9
	android:name
		ADDED from AndroidManifest.xml:163:13
	android:value
		ADDED from AndroidManifest.xml:164:13
meta-data#AdjustLogLevel
ADDED from AndroidManifest.xml:165:9
	android:name
		ADDED from AndroidManifest.xml:166:13
	android:value
		ADDED from AndroidManifest.xml:167:13
meta-data#AdjustEnvironment
ADDED from AndroidManifest.xml:168:9
	android:name
		ADDED from AndroidManifest.xml:169:13
	android:value
		ADDED from AndroidManifest.xml:170:13
service#com.google.android.gms.tagmanager.InstallReferrerService
ADDED from AndroidManifest.xml:179:9
	android:name
		ADDED from AndroidManifest.xml:179:18
receiver#com.mobile.utils.receivers.InstallReceiver
ADDED from AndroidManifest.xml:183:9
	android:exported
		ADDED from AndroidManifest.xml:185:13
	android:name
		ADDED from AndroidManifest.xml:184:13
intent-filter#com.android.vending.INSTALL_REFERRER
ADDED from AndroidManifest.xml:186:13
action#com.android.vending.INSTALL_REFERRER
ADDED from AndroidManifest.xml:187:17
	android:name
		ADDED from AndroidManifest.xml:187:25
activity#android.support.v7.widget.TestActivity
ADDED from com.android.support:recyclerview-v7:21.0.0:18:9
	android:label
		ADDED from com.android.support:recyclerview-v7:21.0.0:18:19
	android:name
		ADDED from com.android.support:recyclerview-v7:21.0.0:18:60
meta-data#com.google.android.gms.version
ADDED from com.google.android.gms:play-services-base:6.5.87:21:9
	android:name
		ADDED from com.google.android.gms:play-services-base:6.5.87:22:13
	android:value
		ADDED from com.google.android.gms:play-services-base:6.5.87:23:13
receiver#com.ad4screen.sdk.ReferrerHandler
ADDED from JumiaApp.libraries:A4SSDK:unspecified:17:9
	android:exported
		ADDED from JumiaApp.libraries:A4SSDK:unspecified:19:13
	android:name
		ADDED from JumiaApp.libraries:A4SSDK:unspecified:18:13
activity#com.ad4screen.sdk.A4SPopup
ADDED from JumiaApp.libraries:A4SSDK:unspecified:25:9
	android:theme
		ADDED from JumiaApp.libraries:A4SSDK:unspecified:28:13
	android:taskAffinity
		ADDED from JumiaApp.libraries:A4SSDK:unspecified:27:13
	android:name
		ADDED from JumiaApp.libraries:A4SSDK:unspecified:26:13
activity#com.ad4screen.sdk.A4SInterstitial
ADDED from JumiaApp.libraries:A4SSDK:unspecified:29:9
	android:configChanges
		ADDED from JumiaApp.libraries:A4SSDK:unspecified:31:13
	android:theme
		ADDED from JumiaApp.libraries:A4SSDK:unspecified:34:13
	android:name
		ADDED from JumiaApp.libraries:A4SSDK:unspecified:30:13
	android:documentLaunchMode
		ADDED from JumiaApp.libraries:A4SSDK:unspecified:32:13
	android:maxRecents
		ADDED from JumiaApp.libraries:A4SSDK:unspecified:33:13
receiver#com.ad4screen.sdk.A4SIDFVHandler
ADDED from JumiaApp.libraries:A4SSDK:unspecified:36:9
	android:exported
		ADDED from JumiaApp.libraries:A4SSDK:unspecified:38:13
	android:name
		ADDED from JumiaApp.libraries:A4SSDK:unspecified:37:13
intent-filter#com.ad4screen.sdk.intent.action.QUERY+com.ad4screen.sdk.intent.category.ANONYM_ID
ADDED from JumiaApp.libraries:A4SSDK:unspecified:39:13
action#com.ad4screen.sdk.intent.action.QUERY
ADDED from JumiaApp.libraries:A4SSDK:unspecified:40:17
	android:name
		ADDED from JumiaApp.libraries:A4SSDK:unspecified:40:25
category#com.ad4screen.sdk.intent.category.ANONYM_ID
ADDED from JumiaApp.libraries:A4SSDK:unspecified:42:17
	android:name
		ADDED from JumiaApp.libraries:A4SSDK:unspecified:42:27